0 verbose cli [
0 verbose cli   '/home/islem/.nvm/versions/node/v17.1.0/bin/node',
0 verbose cli   '/home/islem/.nvm/versions/node/v17.1.0/bin/npm',
0 verbose cli   'config',
0 verbose cli   '--loglevel=warn',
0 verbose cli   'get',
0 verbose cli   'prefix'
0 verbose cli ]
1 info using npm@8.3.2
2 info using node@v17.1.0
3 timing npm:load:whichnode Completed in 0ms
4 timing config:load:defaults Completed in 2ms
5 timing config:load:file:/home/islem/.nvm/versions/node/v17.1.0/lib/node_modules/npm/npmrc Completed in 0ms
6 timing config:load:builtin Completed in 0ms
7 timing config:load:cli Completed in 1ms
8 timing config:load:env Completed in 1ms
9 timing config:load:file:/home/islem/Desktop/Do-Me-Todo-App/.npmrc Completed in 0ms
10 timing config:load:project Completed in 2ms
11 timing config:load:file:/home/islem/.npmrc Completed in 1ms
12 timing config:load:user Completed in 1ms
13 timing config:load:file:/home/islem/.nvm/versions/node/v17.1.0/etc/npmrc Completed in 0ms
14 timing config:load:global Completed in 0ms
15 timing config:load:validate Completed in 1ms
16 timing config:load:credentials Completed in 1ms
17 timing config:load:setEnvs Completed in 1ms
18 timing config:load Completed in 11ms
19 timing npm:load:configload Completed in 11ms
20 timing npm:load:setTitle Completed in 0ms
21 timing config:load:flatten Completed in 3ms
22 timing npm:load:display Completed in 4ms
23 verbose logfile /home/islem/Desktop/Do-Me-Todo-App/help/_logs/2022-01-26T21_38_42_686Z-debug-0.log
24 timing npm:load:logFile Completed in 5ms
25 timing npm:load:timers Completed in 0ms
26 timing npm:load:configScope Completed in 0ms
27 timing npm:load Completed in 20ms
28 timing command:config Completed in 2ms
29 verbose exit 0
30 timing npm Completed in 128ms
31 info ok
